{
  "Cucumber Features": {
    "coverage": {
    },
    "timestamp": 1324637858
  },
  "RSpec": {
    "coverage": {
      "/Users/wallace/wip/Workspace/Elf_Manifesto/lib/elf_manifesto/manifest_maker.rb": [
        1,
        1,
        null,
        1,
        null,
        1,
        null,
        1,
        null,
        null,
        null,
        null,
        null,
        null,
        null,
        null,
        null,
        null,
        null,
        null,
        null,
        null,
        1,
        9,
        9,
        9,
        9,
        9,
        9,
        9,
        null,
        9,
        null,
        null,
        1,
        null,
        null,
        null,
        null,
        null,
        null,
        null,
        null,
        1,
        9,
        9,
        null,
        9,
        null,
        19,
        19,
        19,
        67,
        null,
        19,
        19,
        19,
        19,
        null,
        9,
        null,
        null,
        null,
        null,
        null
      ]
    },
    "timestamp": 1324637185
  }
}
